<?xml version="1.0" encoding="UTF-8"?>
<!-- Generated by org.testng.reporters.JUnitReportReporter -->
<testsuite hostname="HossainXPS8960" failures="0" tests="1" name="com.wellsfargo.automation.roco.base.RocoTestBase" time="8.984" errors="0" timestamp="2024-11-21T00:50:32 EST" skipped="0">
  <testcase classname="com.wellsfargo.automation.roco.base.RocoTestBase" name="test" time="8.984"/>
</testsuite> <!-- com.wellsfargo.automation.roco.base.RocoTestBase -->
